<?xml version="1.0" encoding="UTF-8"?>
<!-- Generated by org.testng.reporters.JUnitReportReporter -->
<testsuite hostname="DESKTOP-6DMDAAC" failures="0" tests="1" name="TestCase.Tests" time="27.047" errors="0" timestamp="2023-11-09T12:35:25 IST" skipped="0">
  <testcase classname="TestCase.Tests" name="TC003" time="27.047"/>
  <system-out/>
</testsuite> <!-- TestCase.Tests -->
