<?xml version="1.0" encoding="UTF-8"?>
<!-- Generated by org.testng.reporters.JUnitReportReporter -->
<testsuite hostname="DESKTOP-6DMDAAC" failures="0" tests="2" name="TestCase.OpenCart" time="47.587" errors="0" timestamp="2023-11-09T11:53:37 IST" skipped="0">
  <testcase classname="TestCase.OpenCart" name="TC001" time="22.792"/>
  <system-out/>
  <testcase classname="TestCase.OpenCart" name="TC002" time="24.795"/>
  <system-out/>
</testsuite> <!-- TestCase.OpenCart -->
